{"/workspaces/creator-ai-hub-v2/backend/src/routes/campaigns.ts": {"path":"/workspaces/creator-ai-hub-v2/backend/src/routes/campaigns.ts","statementMap":{"0":{"start":{"line":32,"column":0},"end":{"line":32,"column":7}},"1":{"start":{"line":68,"column":0},"end":{"line":68,"column":7}},"2":{"start":{"line":101,"column":0},"end":{"line":101,"column":7}},"3":{"start":{"line":140,"column":0},"end":{"line":140,"column":7}},"4":{"start":{"line":238,"column":0},"end":{"line":238,"column":7}},"5":{"start":{"line":313,"column":0},"end":{"line":313,"column":7}},"6":{"start":{"line":2,"column":0},"end":{"line":2,"column":52}},"7":{"start":{"line":3,"column":0},"end":{"line":3,"column":45}},"8":{"start":{"line":5,"column":15},"end":{"line":5,"column":33}},"9":{"start":{"line":7,"column":17},"end":{"line":9,"column":null}},"10":{"start":{"line":14,"column":21},"end":{"line":14,"column":50}},"11":{"start":{"line":15,"column":2},"end":{"line":17,"column":3}},"12":{"start":{"line":16,"column":4},"end":{"line":16,"column":null}},"13":{"start":{"line":19,"column":16},"end":{"line":19,"column":39}},"14":{"start":{"line":20,"column":2},"end":{"line":28,"column":3}},"15":{"start":{"line":21,"column":28},"end":{"line":21,"column":62}},"16":{"start":{"line":22,"column":4},"end":{"line":24,"column":5}},"17":{"start":{"line":23,"column":6},"end":{"line":23,"column":null}},"18":{"start":{"line":25,"column":4},"end":{"line":25,"column":null}},"19":{"start":{"line":27,"column":4},"end":{"line":27,"column":null}},"20":{"start":{"line":38,"column":17},"end":{"line":38,"column":48}},"21":{"start":{"line":39,"column":2},"end":{"line":41,"column":3}},"22":{"start":{"line":40,"column":4},"end":{"line":40,"column":null}},"23":{"start":{"line":43,"column":40},"end":{"line":43,"column":52}},"24":{"start":{"line":45,"column":2},"end":{"line":47,"column":3}},"25":{"start":{"line":46,"column":4},"end":{"line":46,"column":null}},"26":{"start":{"line":49,"column":2},"end":{"line":64,"column":3}},"27":{"start":{"line":50,"column":21},"end":{"line":58,"column":6}},"28":{"start":{"line":60,"column":4},"end":{"line":60,"column":null}},"29":{"start":{"line":62,"column":4},"end":{"line":62,"column":null}},"30":{"start":{"line":63,"column":4},"end":{"line":63,"column":null}},"31":{"start":{"line":72,"column":17},"end":{"line":72,"column":48}},"32":{"start":{"line":73,"column":2},"end":{"line":75,"column":3}},"33":{"start":{"line":74,"column":4},"end":{"line":74,"column":null}},"34":{"start":{"line":77,"column":2},"end":{"line":97,"column":3}},"35":{"start":{"line":78,"column":22},"end":{"line":91,"column":6}},"36":{"start":{"line":93,"column":4},"end":{"line":93,"column":null}},"37":{"start":{"line":95,"column":4},"end":{"line":95,"column":null}},"38":{"start":{"line":96,"column":4},"end":{"line":96,"column":null}},"39":{"start":{"line":105,"column":17},"end":{"line":105,"column":48}},"40":{"start":{"line":106,"column":2},"end":{"line":108,"column":3}},"41":{"start":{"line":107,"column":4},"end":{"line":107,"column":null}},"42":{"start":{"line":110,"column":17},"end":{"line":110,"column":31}},"43":{"start":{"line":112,"column":2},"end":{"line":136,"column":3}},"44":{"start":{"line":113,"column":21},"end":{"line":126,"column":6}},"45":{"start":{"line":128,"column":4},"end":{"line":130,"column":5}},"46":{"start":{"line":129,"column":6},"end":{"line":129,"column":null}},"47":{"start":{"line":132,"column":4},"end":{"line":132,"column":null}},"48":{"start":{"line":134,"column":4},"end":{"line":134,"column":null}},"49":{"start":{"line":135,"column":4},"end":{"line":135,"column":null}},"50":{"start":{"line":152,"column":17},"end":{"line":152,"column":48}},"51":{"start":{"line":153,"column":2},"end":{"line":155,"column":3}},"52":{"start":{"line":154,"column":4},"end":{"line":154,"column":null}},"53":{"start":{"line":157,"column":17},"end":{"line":157,"column":31}},"54":{"start":{"line":158,"column":51},"end":{"line":158,"column":63}},"55":{"start":{"line":161,"column":2},"end":{"line":234,"column":3}},"56":{"start":{"line":162,"column":21},"end":{"line":164,"column":6}},"57":{"start":{"line":166,"column":4},"end":{"line":168,"column":5}},"58":{"start":{"line":167,"column":6},"end":{"line":167,"column":null}},"59":{"start":{"line":171,"column":4},"end":{"line":230,"column":5}},"60":{"start":{"line":172,"column":6},"end":{"line":174,"column":7}},"61":{"start":{"line":173,"column":8},"end":{"line":173,"column":null}},"62":{"start":{"line":176,"column":21},"end":{"line":182,"column":8}},"63":{"start":{"line":185,"column":18},"end":{"line":195,"column":8}},"64":{"start":{"line":197,"column":6},"end":{"line":197,"column":null}},"65":{"start":{"line":199,"column":6},"end":{"line":206,"column":null}},"66":{"start":{"line":207,"column":11},"end":{"line":230,"column":5}},"67":{"start":{"line":208,"column":6},"end":{"line":210,"column":7}},"68":{"start":{"line":209,"column":8},"end":{"line":209,"column":null}},"69":{"start":{"line":213,"column":21},"end":{"line":225,"column":8}},"70":{"start":{"line":227,"column":6},"end":{"line":227,"column":null}},"71":{"start":{"line":229,"column":6},"end":{"line":229,"column":null}},"72":{"start":{"line":232,"column":4},"end":{"line":232,"column":null}},"73":{"start":{"line":233,"column":4},"end":{"line":233,"column":null}},"74":{"start":{"line":245,"column":17},"end":{"line":245,"column":48}},"75":{"start":{"line":246,"column":2},"end":{"line":248,"column":3}},"76":{"start":{"line":247,"column":4},"end":{"line":247,"column":null}},"77":{"start":{"line":250,"column":17},"end":{"line":250,"column":31}},"78":{"start":{"line":251,"column":23},"end":{"line":251,"column":35}},"79":{"start":{"line":253,"column":2},"end":{"line":255,"column":3}},"80":{"start":{"line":254,"column":4},"end":{"line":254,"column":null}},"81":{"start":{"line":257,"column":2},"end":{"line":309,"column":3}},"82":{"start":{"line":259,"column":21},"end":{"line":268,"column":6}},"83":{"start":{"line":270,"column":4},"end":{"line":272,"column":5}},"84":{"start":{"line":271,"column":6},"end":{"line":271,"column":null}},"85":{"start":{"line":274,"column":4},"end":{"line":276,"column":5}},"86":{"start":{"line":275,"column":6},"end":{"line":275,"column":null}},"87":{"start":{"line":278,"column":21},"end":{"line":278,"column":41}},"88":{"start":{"line":281,"column":17},"end":{"line":297,"column":null}},"89":{"start":{"line":283,"column":8},"end":{"line":296,"column":10}},"90":{"start":{"line":300,"column":4},"end":{"line":300,"column":null}},"91":{"start":{"line":302,"column":4},"end":{"line":305,"column":null}},"92":{"start":{"line":304,"column":29},"end":{"line":304,"column":73}},"93":{"start":{"line":307,"column":4},"end":{"line":307,"column":null}},"94":{"start":{"line":308,"column":4},"end":{"line":308,"column":null}},"95":{"start":{"line":320,"column":17},"end":{"line":320,"column":48}},"96":{"start":{"line":321,"column":2},"end":{"line":323,"column":3}},"97":{"start":{"line":322,"column":4},"end":{"line":322,"column":null}},"98":{"start":{"line":325,"column":17},"end":{"line":325,"column":31}},"99":{"start":{"line":326,"column":22},"end":{"line":326,"column":34}},"100":{"start":{"line":328,"column":2},"end":{"line":330,"column":3}},"101":{"start":{"line":329,"column":4},"end":{"line":329,"column":null}},"102":{"start":{"line":332,"column":2},"end":{"line":360,"column":3}},"103":{"start":{"line":334,"column":18},"end":{"line":341,"column":6}},"104":{"start":{"line":343,"column":4},"end":{"line":345,"column":5}},"105":{"start":{"line":344,"column":6},"end":{"line":344,"column":null}},"106":{"start":{"line":348,"column":25},"end":{"line":354,"column":6}},"107":{"start":{"line":356,"column":4},"end":{"line":356,"column":null}},"108":{"start":{"line":358,"column":4},"end":{"line":358,"column":null}},"109":{"start":{"line":359,"column":4},"end":{"line":359,"column":null}}},"fnMap":{"0":{"name":"getUserFromToken","decl":{"start":{"line":13,"column":15},"end":{"line":13,"column":31}},"loc":{"start":{"line":13,"column":55},"end":{"line":29,"column":1}}},"1":{"name":"createCampaignHandler","decl":{"start":{"line":32,"column":22},"end":{"line":32,"column":43}},"loc":{"start":{"line":36,"column":21},"end":{"line":65,"column":1}}},"2":{"name":"listCampaignsHandler","decl":{"start":{"line":68,"column":22},"end":{"line":68,"column":42}},"loc":{"start":{"line":70,"column":21},"end":{"line":98,"column":1}}},"3":{"name":"getCampaignHandler","decl":{"start":{"line":101,"column":22},"end":{"line":101,"column":40}},"loc":{"start":{"line":103,"column":21},"end":{"line":137,"column":1}}},"4":{"name":"uploadCampaignSourceHandler","decl":{"start":{"line":140,"column":22},"end":{"line":140,"column":49}},"loc":{"start":{"line":150,"column":21},"end":{"line":235,"column":1}}},"5":{"name":"generateAssetsHandler","decl":{"start":{"line":238,"column":22},"end":{"line":238,"column":43}},"loc":{"start":{"line":243,"column":21},"end":{"line":310,"column":1}}},"6":{"name":"(anonymous_6)","decl":{"start":{"line":282,"column":19},"end":{"line":282,"column":20}},"loc":{"start":{"line":283,"column":8},"end":{"line":296,"column":10}}},"7":{"name":"(anonymous_7)","decl":{"start":{"line":304,"column":21},"end":{"line":304,"column":22}},"loc":{"start":{"line":304,"column":29},"end":{"line":304,"column":73}}},"8":{"name":"updateAssetHandler","decl":{"start":{"line":313,"column":22},"end":{"line":313,"column":40}},"loc":{"start":{"line":318,"column":21},"end":{"line":361,"column":1}}}},"branchMap":{"0":{"loc":{"start":{"line":8,"column":2},"end":{"line":8,"column":32}},"type":"binary-expr","locations":[{"start":{"line":8,"column":2},"end":{"line":8,"column":26}},{"start":{"line":8,"column":30},"end":{"line":8,"column":32}}]},"1":{"loc":{"start":{"line":9,"column":2},"end":{"line":9,"column":45}},"type":"binary-expr","locations":[{"start":{"line":9,"column":2},"end":{"line":9,"column":39}},{"start":{"line":9,"column":43},"end":{"line":9,"column":45}}]},"2":{"loc":{"start":{"line":15,"column":2},"end":{"line":17,"column":3}},"type":"if","locations":[{"start":{"line":15,"column":2},"end":{"line":17,"column":3}}]},"3":{"loc":{"start":{"line":22,"column":4},"end":{"line":24,"column":5}},"type":"if","locations":[{"start":{"line":22,"column":4},"end":{"line":24,"column":5}}]},"4":{"loc":{"start":{"line":22,"column":8},"end":{"line":22,"column":27}},"type":"binary-expr","locations":[{"start":{"line":22,"column":8},"end":{"line":22,"column":13}},{"start":{"line":22,"column":17},"end":{"line":22,"column":27}}]},"5":{"loc":{"start":{"line":39,"column":2},"end":{"line":41,"column":3}},"type":"if","locations":[{"start":{"line":39,"column":2},"end":{"line":41,"column":3}}]},"6":{"loc":{"start":{"line":45,"column":2},"end":{"line":47,"column":3}},"type":"if","locations":[{"start":{"line":45,"column":2},"end":{"line":47,"column":3}}]},"7":{"loc":{"start":{"line":45,"column":6},"end":{"line":45,"column":39}},"type":"binary-expr","locations":[{"start":{"line":45,"column":6},"end":{"line":45,"column":11}},{"start":{"line":45,"column":15},"end":{"line":45,"column":39}}]},"8":{"loc":{"start":{"line":73,"column":2},"end":{"line":75,"column":3}},"type":"if","locations":[{"start":{"line":73,"column":2},"end":{"line":75,"column":3}}]},"9":{"loc":{"start":{"line":106,"column":2},"end":{"line":108,"column":3}},"type":"if","locations":[{"start":{"line":106,"column":2},"end":{"line":108,"column":3}}]},"10":{"loc":{"start":{"line":128,"column":4},"end":{"line":130,"column":5}},"type":"if","locations":[{"start":{"line":128,"column":4},"end":{"line":130,"column":5}}]},"11":{"loc":{"start":{"line":153,"column":2},"end":{"line":155,"column":3}},"type":"if","locations":[{"start":{"line":153,"column":2},"end":{"line":155,"column":3}}]},"12":{"loc":{"start":{"line":166,"column":4},"end":{"line":168,"column":5}},"type":"if","locations":[{"start":{"line":166,"column":4},"end":{"line":168,"column":5}}]},"13":{"loc":{"start":{"line":171,"column":4},"end":{"line":230,"column":5}},"type":"if","locations":[{"start":{"line":171,"column":4},"end":{"line":230,"column":5}},{"start":{"line":207,"column":11},"end":{"line":230,"column":5}}]},"14":{"loc":{"start":{"line":172,"column":6},"end":{"line":174,"column":7}},"type":"if","locations":[{"start":{"line":172,"column":6},"end":{"line":174,"column":7}}]},"15":{"loc":{"start":{"line":172,"column":10},"end":{"line":172,"column":43}},"type":"binary-expr","locations":[{"start":{"line":172,"column":10},"end":{"line":172,"column":15}},{"start":{"line":172,"column":19},"end":{"line":172,"column":43}}]},"16":{"loc":{"start":{"line":207,"column":11},"end":{"line":230,"column":5}},"type":"if","locations":[{"start":{"line":207,"column":11},"end":{"line":230,"column":5}},{"start":{"line":228,"column":11},"end":{"line":230,"column":5}}]},"17":{"loc":{"start":{"line":208,"column":6},"end":{"line":210,"column":7}},"type":"if","locations":[{"start":{"line":208,"column":6},"end":{"line":210,"column":7}}]},"18":{"loc":{"start":{"line":246,"column":2},"end":{"line":248,"column":3}},"type":"if","locations":[{"start":{"line":246,"column":2},"end":{"line":248,"column":3}}]},"19":{"loc":{"start":{"line":253,"column":2},"end":{"line":255,"column":3}},"type":"if","locations":[{"start":{"line":253,"column":2},"end":{"line":255,"column":3}}]},"20":{"loc":{"start":{"line":253,"column":6},"end":{"line":253,"column":68}},"type":"binary-expr","locations":[{"start":{"line":253,"column":6},"end":{"line":253,"column":15}},{"start":{"line":253,"column":19},"end":{"line":253,"column":43}},{"start":{"line":253,"column":47},"end":{"line":253,"column":68}}]},"21":{"loc":{"start":{"line":270,"column":4},"end":{"line":272,"column":5}},"type":"if","locations":[{"start":{"line":270,"column":4},"end":{"line":272,"column":5}}]},"22":{"loc":{"start":{"line":274,"column":4},"end":{"line":276,"column":5}},"type":"if","locations":[{"start":{"line":274,"column":4},"end":{"line":276,"column":5}}]},"23":{"loc":{"start":{"line":274,"column":8},"end":{"line":274,"column":60}},"type":"binary-expr","locations":[{"start":{"line":274,"column":8},"end":{"line":274,"column":26}},{"start":{"line":274,"column":30},"end":{"line":274,"column":60}}]},"24":{"loc":{"start":{"line":321,"column":2},"end":{"line":323,"column":3}},"type":"if","locations":[{"start":{"line":321,"column":2},"end":{"line":323,"column":3}}]},"25":{"loc":{"start":{"line":328,"column":2},"end":{"line":330,"column":3}},"type":"if","locations":[{"start":{"line":328,"column":2},"end":{"line":330,"column":3}}]},"26":{"loc":{"start":{"line":328,"column":6},"end":{"line":328,"column":45}},"type":"binary-expr","locations":[{"start":{"line":328,"column":6},"end":{"line":328,"column":14}},{"start":{"line":328,"column":18},"end":{"line":328,"column":45}}]},"27":{"loc":{"start":{"line":343,"column":4},"end":{"line":345,"column":5}},"type":"if","locations":[{"start":{"line":343,"column":4},"end":{"line":345,"column":5}}]},"28":{"loc":{"start":{"line":343,"column":8},"end":{"line":343,"column":50}},"type":"binary-expr","locations":[{"start":{"line":343,"column":8},"end":{"line":343,"column":14}},{"start":{"line":343,"column":18},"end":{"line":343,"column":50}}]}},"s":{"0":2,"1":2,"2":2,"3":2,"4":2,"5":2,"6":2,"7":2,"8":2,"9":2,"10":8,"11":8,"12":1,"13":7,"14":7,"15":7,"16":7,"17":0,"18":7,"19":0,"20":4,"21":4,"22":1,"23":3,"24":3,"25":1,"26":2,"27":2,"28":1,"29":1,"30":1,"31":0,"32":0,"33":0,"34":0,"35":0,"36":0,"37":0,"38":0,"39":0,"40":0,"41":0,"42":0,"43":0,"44":0,"45":0,"46":0,"47":0,"48":0,"49":0,"50":0,"51":0,"52":0,"53":0,"54":0,"55":0,"56":0,"57":0,"58":0,"59":0,"60":0,"61":0,"62":0,"63":0,"64":0,"65":0,"66":0,"67":0,"68":0,"69":0,"70":0,"71":0,"72":0,"73":0,"74":4,"75":4,"76":0,"77":4,"78":4,"79":4,"80":1,"81":3,"82":3,"83":3,"84":1,"85":2,"86":1,"87":1,"88":1,"89":2,"90":1,"91":1,"92":2,"93":0,"94":0,"95":0,"96":0,"97":0,"98":0,"99":0,"100":0,"101":0,"102":0,"103":0,"104":0,"105":0,"106":0,"107":0,"108":0,"109":0},"f":{"0":8,"1":4,"2":0,"3":0,"4":0,"5":4,"6":2,"7":2,"8":0},"b":{"0":[2,2],"1":[2,2],"2":[1],"3":[0],"4":[7,7],"5":[1],"6":[1],"7":[3,2],"8":[0],"9":[0],"10":[0],"11":[0],"12":[0],"13":[0,0],"14":[0],"15":[0,0],"16":[0,0],"17":[0],"18":[0],"19":[1],"20":[4,4,4],"21":[1],"22":[1],"23":[2,2],"24":[0],"25":[0],"26":[0,0],"27":[0],"28":[0,0]}}
,"/workspaces/creator-ai-hub-v2/backend/src/routes/me.ts": {"path":"/workspaces/creator-ai-hub-v2/backend/src/routes/me.ts","statementMap":{"0":{"start":{"line":11,"column":0},"end":{"line":11,"column":7}},"1":{"start":{"line":2,"column":0},"end":{"line":2,"column":52}},"2":{"start":{"line":3,"column":0},"end":{"line":3,"column":45}},"3":{"start":{"line":5,"column":15},"end":{"line":5,"column":33}},"4":{"start":{"line":7,"column":20},"end":{"line":7,"column":45}},"5":{"start":{"line":8,"column":27},"end":{"line":8,"column":65}},"6":{"start":{"line":9,"column":22},"end":{"line":9,"column":67}},"7":{"start":{"line":12,"column":2},"end":{"line":51,"column":3}},"8":{"start":{"line":14,"column":23},"end":{"line":14,"column":52}},"9":{"start":{"line":15,"column":4},"end":{"line":17,"column":5}},"10":{"start":{"line":16,"column":6},"end":{"line":16,"column":null}},"11":{"start":{"line":19,"column":18},"end":{"line":19,"column":41}},"12":{"start":{"line":22,"column":38},"end":{"line":22,"column":77}},"13":{"start":{"line":24,"column":4},"end":{"line":26,"column":5}},"14":{"start":{"line":25,"column":6},"end":{"line":25,"column":null}},"15":{"start":{"line":29,"column":19},"end":{"line":40,"column":6}},"16":{"start":{"line":43,"column":4},"end":{"line":47,"column":null}},"17":{"start":{"line":49,"column":4},"end":{"line":49,"column":null}},"18":{"start":{"line":50,"column":4},"end":{"line":50,"column":null}}},"fnMap":{"0":{"name":"getMeHandler","decl":{"start":{"line":11,"column":22},"end":{"line":11,"column":34}},"loc":{"start":{"line":11,"column":79},"end":{"line":52,"column":1}}}},"branchMap":{"0":{"loc":{"start":{"line":15,"column":4},"end":{"line":17,"column":5}},"type":"if","locations":[{"start":{"line":15,"column":4},"end":{"line":17,"column":5}}]},"1":{"loc":{"start":{"line":15,"column":8},"end":{"line":15,"column":56}},"type":"binary-expr","locations":[{"start":{"line":15,"column":8},"end":{"line":15,"column":19}},{"start":{"line":15,"column":23},"end":{"line":15,"column":56}}]},"2":{"loc":{"start":{"line":24,"column":4},"end":{"line":26,"column":5}},"type":"if","locations":[{"start":{"line":24,"column":4},"end":{"line":26,"column":5}}]},"3":{"loc":{"start":{"line":24,"column":8},"end":{"line":24,"column":22}},"type":"binary-expr","locations":[{"start":{"line":24,"column":8},"end":{"line":24,"column":13}},{"start":{"line":24,"column":17},"end":{"line":24,"column":22}}]},"4":{"loc":{"start":{"line":32,"column":14},"end":{"line":32,"column":67}},"type":"binary-expr","locations":[{"start":{"line":32,"column":14},"end":{"line":32,"column":38}},{"start":{"line":32,"column":42},"end":{"line":32,"column":67}}]},"5":{"loc":{"start":{"line":37,"column":14},"end":{"line":37,"column":67}},"type":"binary-expr","locations":[{"start":{"line":37,"column":14},"end":{"line":37,"column":38}},{"start":{"line":37,"column":42},"end":{"line":37,"column":67}}]}},"s":{"0":1,"1":1,"2":1,"3":1,"4":1,"5":1,"6":1,"7":4,"8":4,"9":4,"10":2,"11":2,"12":2,"13":2,"14":1,"15":1,"16":1,"17":0,"18":0},"f":{"0":4},"b":{"0":[2],"1":[4,3],"2":[1],"3":[2,1],"4":[1,1],"5":[1,1]}}
}
