{"/workspaces/creator-ai-hub-v2/backend/src/prompts/generate-assets.ts": {"path":"/workspaces/creator-ai-hub-v2/backend/src/prompts/generate-assets.ts","statementMap":{"0":{"start":{"line":23,"column":0},"end":{"line":23,"column":16}},"1":{"start":{"line":1,"column":13},"end":{"line":21,"column":null}},"2":{"start":{"line":29,"column":2},"end":{"line":33,"column":null}},"3":{"start":{"line":32,"column":52},"end":{"line":32,"column":68}},"4":{"start":{"line":33,"column":44},"end":{"line":33,"column":60}},"5":{"start":{"line":36,"column":13},"end":{"line":43,"column":null}}},"fnMap":{"0":{"name":"buildGenerateAssetPrompt","decl":{"start":{"line":23,"column":16},"end":{"line":23,"column":40}},"loc":{"start":{"line":27,"column":17},"end":{"line":34,"column":1}}},"1":{"name":"(anonymous_1)","decl":{"start":{"line":32,"column":42},"end":{"line":32,"column":43}},"loc":{"start":{"line":32,"column":52},"end":{"line":32,"column":68}}},"2":{"name":"(anonymous_2)","decl":{"start":{"line":33,"column":34},"end":{"line":33,"column":35}},"loc":{"start":{"line":33,"column":44},"end":{"line":33,"column":60}}}},"branchMap":{},"s":{"0":2,"1":2,"2":0,"3":0,"4":0,"5":2},"f":{"0":0,"1":0,"2":0},"b":{}}
,"/workspaces/creator-ai-hub-v2/backend/src/routes/campaigns.ts": {"path":"/workspaces/creator-ai-hub-v2/backend/src/routes/campaigns.ts","statementMap":{"0":{"start":{"line":33,"column":0},"end":{"line":33,"column":7}},"1":{"start":{"line":69,"column":0},"end":{"line":69,"column":7}},"2":{"start":{"line":102,"column":0},"end":{"line":102,"column":7}},"3":{"start":{"line":141,"column":0},"end":{"line":141,"column":7}},"4":{"start":{"line":239,"column":0},"end":{"line":239,"column":7}},"5":{"start":{"line":332,"column":0},"end":{"line":332,"column":7}},"6":{"start":{"line":417,"column":0},"end":{"line":417,"column":7}},"7":{"start":{"line":451,"column":0},"end":{"line":451,"column":7}},"8":{"start":{"line":488,"column":0},"end":{"line":488,"column":7}},"9":{"start":{"line":2,"column":0},"end":{"line":2,"column":52}},"10":{"start":{"line":3,"column":0},"end":{"line":3,"column":45}},"11":{"start":{"line":4,"column":0},"end":{"line":4,"column":63}},"12":{"start":{"line":6,"column":15},"end":{"line":6,"column":33}},"13":{"start":{"line":8,"column":17},"end":{"line":10,"column":null}},"14":{"start":{"line":15,"column":21},"end":{"line":15,"column":50}},"15":{"start":{"line":16,"column":2},"end":{"line":18,"column":3}},"16":{"start":{"line":17,"column":4},"end":{"line":17,"column":null}},"17":{"start":{"line":20,"column":16},"end":{"line":20,"column":39}},"18":{"start":{"line":21,"column":2},"end":{"line":29,"column":3}},"19":{"start":{"line":22,"column":28},"end":{"line":22,"column":62}},"20":{"start":{"line":23,"column":4},"end":{"line":25,"column":5}},"21":{"start":{"line":24,"column":6},"end":{"line":24,"column":null}},"22":{"start":{"line":26,"column":4},"end":{"line":26,"column":null}},"23":{"start":{"line":28,"column":4},"end":{"line":28,"column":null}},"24":{"start":{"line":39,"column":17},"end":{"line":39,"column":48}},"25":{"start":{"line":40,"column":2},"end":{"line":42,"column":3}},"26":{"start":{"line":41,"column":4},"end":{"line":41,"column":null}},"27":{"start":{"line":44,"column":40},"end":{"line":44,"column":52}},"28":{"start":{"line":46,"column":2},"end":{"line":48,"column":3}},"29":{"start":{"line":47,"column":4},"end":{"line":47,"column":null}},"30":{"start":{"line":50,"column":2},"end":{"line":65,"column":3}},"31":{"start":{"line":51,"column":21},"end":{"line":59,"column":6}},"32":{"start":{"line":61,"column":4},"end":{"line":61,"column":null}},"33":{"start":{"line":63,"column":4},"end":{"line":63,"column":null}},"34":{"start":{"line":64,"column":4},"end":{"line":64,"column":null}},"35":{"start":{"line":73,"column":17},"end":{"line":73,"column":48}},"36":{"start":{"line":74,"column":2},"end":{"line":76,"column":3}},"37":{"start":{"line":75,"column":4},"end":{"line":75,"column":null}},"38":{"start":{"line":78,"column":2},"end":{"line":98,"column":3}},"39":{"start":{"line":79,"column":22},"end":{"line":92,"column":6}},"40":{"start":{"line":94,"column":4},"end":{"line":94,"column":null}},"41":{"start":{"line":96,"column":4},"end":{"line":96,"column":null}},"42":{"start":{"line":97,"column":4},"end":{"line":97,"column":null}},"43":{"start":{"line":106,"column":17},"end":{"line":106,"column":48}},"44":{"start":{"line":107,"column":2},"end":{"line":109,"column":3}},"45":{"start":{"line":108,"column":4},"end":{"line":108,"column":null}},"46":{"start":{"line":111,"column":17},"end":{"line":111,"column":31}},"47":{"start":{"line":113,"column":2},"end":{"line":137,"column":3}},"48":{"start":{"line":114,"column":21},"end":{"line":127,"column":6}},"49":{"start":{"line":129,"column":4},"end":{"line":131,"column":5}},"50":{"start":{"line":130,"column":6},"end":{"line":130,"column":null}},"51":{"start":{"line":133,"column":4},"end":{"line":133,"column":null}},"52":{"start":{"line":135,"column":4},"end":{"line":135,"column":null}},"53":{"start":{"line":136,"column":4},"end":{"line":136,"column":null}},"54":{"start":{"line":153,"column":17},"end":{"line":153,"column":48}},"55":{"start":{"line":154,"column":2},"end":{"line":156,"column":3}},"56":{"start":{"line":155,"column":4},"end":{"line":155,"column":null}},"57":{"start":{"line":158,"column":17},"end":{"line":158,"column":31}},"58":{"start":{"line":159,"column":51},"end":{"line":159,"column":63}},"59":{"start":{"line":162,"column":2},"end":{"line":235,"column":3}},"60":{"start":{"line":163,"column":21},"end":{"line":165,"column":6}},"61":{"start":{"line":167,"column":4},"end":{"line":169,"column":5}},"62":{"start":{"line":168,"column":6},"end":{"line":168,"column":null}},"63":{"start":{"line":172,"column":4},"end":{"line":231,"column":5}},"64":{"start":{"line":173,"column":6},"end":{"line":175,"column":7}},"65":{"start":{"line":174,"column":8},"end":{"line":174,"column":null}},"66":{"start":{"line":177,"column":21},"end":{"line":183,"column":8}},"67":{"start":{"line":186,"column":18},"end":{"line":196,"column":8}},"68":{"start":{"line":198,"column":6},"end":{"line":198,"column":null}},"69":{"start":{"line":200,"column":6},"end":{"line":207,"column":null}},"70":{"start":{"line":208,"column":11},"end":{"line":231,"column":5}},"71":{"start":{"line":209,"column":6},"end":{"line":211,"column":7}},"72":{"start":{"line":210,"column":8},"end":{"line":210,"column":null}},"73":{"start":{"line":214,"column":21},"end":{"line":226,"column":8}},"74":{"start":{"line":228,"column":6},"end":{"line":228,"column":null}},"75":{"start":{"line":230,"column":6},"end":{"line":230,"column":null}},"76":{"start":{"line":233,"column":4},"end":{"line":233,"column":null}},"77":{"start":{"line":234,"column":4},"end":{"line":234,"column":null}},"78":{"start":{"line":252,"column":17},"end":{"line":252,"column":48}},"79":{"start":{"line":253,"column":2},"end":{"line":255,"column":3}},"80":{"start":{"line":254,"column":4},"end":{"line":254,"column":null}},"81":{"start":{"line":257,"column":17},"end":{"line":257,"column":31}},"82":{"start":{"line":258,"column":62},"end":{"line":258,"column":74}},"83":{"start":{"line":260,"column":2},"end":{"line":262,"column":3}},"84":{"start":{"line":261,"column":4},"end":{"line":261,"column":null}},"85":{"start":{"line":264,"column":2},"end":{"line":328,"column":3}},"86":{"start":{"line":266,"column":21},"end":{"line":268,"column":6}},"87":{"start":{"line":270,"column":4},"end":{"line":272,"column":5}},"88":{"start":{"line":271,"column":6},"end":{"line":271,"column":null}},"89":{"start":{"line":275,"column":19},"end":{"line":287,"column":6}},"90":{"start":{"line":291,"column":21},"end":{"line":310,"column":6}},"91":{"start":{"line":312,"column":4},"end":{"line":312,"column":null}},"92":{"start":{"line":315,"column":4},"end":{"line":318,"column":null}},"93":{"start":{"line":320,"column":4},"end":{"line":324,"column":null}},"94":{"start":{"line":326,"column":4},"end":{"line":326,"column":null}},"95":{"start":{"line":327,"column":4},"end":{"line":327,"column":null}},"96":{"start":{"line":339,"column":17},"end":{"line":339,"column":48}},"97":{"start":{"line":340,"column":2},"end":{"line":342,"column":3}},"98":{"start":{"line":341,"column":4},"end":{"line":341,"column":null}},"99":{"start":{"line":344,"column":17},"end":{"line":344,"column":31}},"100":{"start":{"line":345,"column":23},"end":{"line":345,"column":35}},"101":{"start":{"line":347,"column":2},"end":{"line":349,"column":3}},"102":{"start":{"line":348,"column":4},"end":{"line":348,"column":null}},"103":{"start":{"line":352,"column":26},"end":{"line":353,"column":null}},"104":{"start":{"line":353,"column":17},"end":{"line":353,"column":91}},"105":{"start":{"line":355,"column":2},"end":{"line":359,"column":3}},"106":{"start":{"line":356,"column":4},"end":{"line":358,"column":null}},"107":{"start":{"line":361,"column":2},"end":{"line":413,"column":3}},"108":{"start":{"line":363,"column":21},"end":{"line":372,"column":6}},"109":{"start":{"line":374,"column":4},"end":{"line":376,"column":5}},"110":{"start":{"line":375,"column":6},"end":{"line":375,"column":null}},"111":{"start":{"line":378,"column":4},"end":{"line":380,"column":5}},"112":{"start":{"line":379,"column":6},"end":{"line":379,"column":null}},"113":{"start":{"line":382,"column":21},"end":{"line":382,"column":41}},"114":{"start":{"line":385,"column":17},"end":{"line":401,"column":null}},"115":{"start":{"line":387,"column":8},"end":{"line":400,"column":10}},"116":{"start":{"line":404,"column":4},"end":{"line":404,"column":null}},"117":{"start":{"line":406,"column":4},"end":{"line":409,"column":null}},"118":{"start":{"line":408,"column":29},"end":{"line":408,"column":73}},"119":{"start":{"line":411,"column":4},"end":{"line":411,"column":null}},"120":{"start":{"line":412,"column":4},"end":{"line":412,"column":null}},"121":{"start":{"line":421,"column":17},"end":{"line":421,"column":48}},"122":{"start":{"line":422,"column":2},"end":{"line":424,"column":3}},"123":{"start":{"line":423,"column":4},"end":{"line":423,"column":null}},"124":{"start":{"line":426,"column":17},"end":{"line":426,"column":31}},"125":{"start":{"line":428,"column":2},"end":{"line":447,"column":3}},"126":{"start":{"line":430,"column":21},"end":{"line":432,"column":6}},"127":{"start":{"line":434,"column":4},"end":{"line":436,"column":5}},"128":{"start":{"line":435,"column":6},"end":{"line":435,"column":null}},"129":{"start":{"line":439,"column":4},"end":{"line":441,"column":null}},"130":{"start":{"line":443,"column":4},"end":{"line":443,"column":null}},"131":{"start":{"line":445,"column":4},"end":{"line":445,"column":null}},"132":{"start":{"line":446,"column":4},"end":{"line":446,"column":null}},"133":{"start":{"line":455,"column":17},"end":{"line":455,"column":48}},"134":{"start":{"line":456,"column":2},"end":{"line":458,"column":3}},"135":{"start":{"line":457,"column":4},"end":{"line":457,"column":null}},"136":{"start":{"line":460,"column":17},"end":{"line":460,"column":31}},"137":{"start":{"line":462,"column":2},"end":{"line":484,"column":3}},"138":{"start":{"line":463,"column":16},"end":{"line":474,"column":6}},"139":{"start":{"line":476,"column":4},"end":{"line":478,"column":5}},"140":{"start":{"line":477,"column":6},"end":{"line":477,"column":null}},"141":{"start":{"line":480,"column":4},"end":{"line":480,"column":null}},"142":{"start":{"line":482,"column":4},"end":{"line":482,"column":null}},"143":{"start":{"line":483,"column":4},"end":{"line":483,"column":null}},"144":{"start":{"line":495,"column":17},"end":{"line":495,"column":48}},"145":{"start":{"line":496,"column":2},"end":{"line":498,"column":3}},"146":{"start":{"line":497,"column":4},"end":{"line":497,"column":null}},"147":{"start":{"line":500,"column":17},"end":{"line":500,"column":31}},"148":{"start":{"line":501,"column":22},"end":{"line":501,"column":34}},"149":{"start":{"line":503,"column":2},"end":{"line":505,"column":3}},"150":{"start":{"line":504,"column":4},"end":{"line":504,"column":null}},"151":{"start":{"line":507,"column":2},"end":{"line":535,"column":3}},"152":{"start":{"line":509,"column":18},"end":{"line":516,"column":6}},"153":{"start":{"line":518,"column":4},"end":{"line":520,"column":5}},"154":{"start":{"line":519,"column":6},"end":{"line":519,"column":null}},"155":{"start":{"line":523,"column":25},"end":{"line":529,"column":6}},"156":{"start":{"line":531,"column":4},"end":{"line":531,"column":null}},"157":{"start":{"line":533,"column":4},"end":{"line":533,"column":null}},"158":{"start":{"line":534,"column":4},"end":{"line":534,"column":null}}},"fnMap":{"0":{"name":"getUserFromToken","decl":{"start":{"line":14,"column":15},"end":{"line":14,"column":31}},"loc":{"start":{"line":14,"column":55},"end":{"line":30,"column":1}}},"1":{"name":"createCampaignHandler","decl":{"start":{"line":33,"column":22},"end":{"line":33,"column":43}},"loc":{"start":{"line":37,"column":21},"end":{"line":66,"column":1}}},"2":{"name":"listCampaignsHandler","decl":{"start":{"line":69,"column":22},"end":{"line":69,"column":42}},"loc":{"start":{"line":71,"column":21},"end":{"line":99,"column":1}}},"3":{"name":"getCampaignHandler","decl":{"start":{"line":102,"column":22},"end":{"line":102,"column":40}},"loc":{"start":{"line":104,"column":21},"end":{"line":138,"column":1}}},"4":{"name":"uploadCampaignSourceHandler","decl":{"start":{"line":141,"column":22},"end":{"line":141,"column":49}},"loc":{"start":{"line":151,"column":21},"end":{"line":236,"column":1}}},"5":{"name":"registerCampaignSourceHandler","decl":{"start":{"line":239,"column":22},"end":{"line":239,"column":51}},"loc":{"start":{"line":250,"column":21},"end":{"line":329,"column":1}}},"6":{"name":"generateAssetsHandler","decl":{"start":{"line":332,"column":22},"end":{"line":332,"column":43}},"loc":{"start":{"line":337,"column":21},"end":{"line":414,"column":1}}},"7":{"name":"(anonymous_7)","decl":{"start":{"line":353,"column":4},"end":{"line":353,"column":5}},"loc":{"start":{"line":353,"column":17},"end":{"line":353,"column":91}}},"8":{"name":"(anonymous_8)","decl":{"start":{"line":386,"column":19},"end":{"line":386,"column":20}},"loc":{"start":{"line":387,"column":8},"end":{"line":400,"column":10}}},"9":{"name":"(anonymous_9)","decl":{"start":{"line":408,"column":21},"end":{"line":408,"column":22}},"loc":{"start":{"line":408,"column":29},"end":{"line":408,"column":73}}},"10":{"name":"deleteCampaignHandler","decl":{"start":{"line":417,"column":22},"end":{"line":417,"column":43}},"loc":{"start":{"line":419,"column":21},"end":{"line":448,"column":1}}},"11":{"name":"getJobStatusHandler","decl":{"start":{"line":451,"column":22},"end":{"line":451,"column":41}},"loc":{"start":{"line":453,"column":21},"end":{"line":485,"column":1}}},"12":{"name":"updateAssetHandler","decl":{"start":{"line":488,"column":22},"end":{"line":488,"column":40}},"loc":{"start":{"line":493,"column":21},"end":{"line":536,"column":1}}}},"branchMap":{"0":{"loc":{"start":{"line":9,"column":2},"end":{"line":9,"column":32}},"type":"binary-expr","locations":[{"start":{"line":9,"column":2},"end":{"line":9,"column":26}},{"start":{"line":9,"column":30},"end":{"line":9,"column":32}}]},"1":{"loc":{"start":{"line":10,"column":2},"end":{"line":10,"column":45}},"type":"binary-expr","locations":[{"start":{"line":10,"column":2},"end":{"line":10,"column":39}},{"start":{"line":10,"column":43},"end":{"line":10,"column":45}}]},"2":{"loc":{"start":{"line":16,"column":2},"end":{"line":18,"column":3}},"type":"if","locations":[{"start":{"line":16,"column":2},"end":{"line":18,"column":3}}]},"3":{"loc":{"start":{"line":23,"column":4},"end":{"line":25,"column":5}},"type":"if","locations":[{"start":{"line":23,"column":4},"end":{"line":25,"column":5}}]},"4":{"loc":{"start":{"line":23,"column":8},"end":{"line":23,"column":27}},"type":"binary-expr","locations":[{"start":{"line":23,"column":8},"end":{"line":23,"column":13}},{"start":{"line":23,"column":17},"end":{"line":23,"column":27}}]},"5":{"loc":{"start":{"line":40,"column":2},"end":{"line":42,"column":3}},"type":"if","locations":[{"start":{"line":40,"column":2},"end":{"line":42,"column":3}}]},"6":{"loc":{"start":{"line":46,"column":2},"end":{"line":48,"column":3}},"type":"if","locations":[{"start":{"line":46,"column":2},"end":{"line":48,"column":3}}]},"7":{"loc":{"start":{"line":46,"column":6},"end":{"line":46,"column":39}},"type":"binary-expr","locations":[{"start":{"line":46,"column":6},"end":{"line":46,"column":11}},{"start":{"line":46,"column":15},"end":{"line":46,"column":39}}]},"8":{"loc":{"start":{"line":74,"column":2},"end":{"line":76,"column":3}},"type":"if","locations":[{"start":{"line":74,"column":2},"end":{"line":76,"column":3}}]},"9":{"loc":{"start":{"line":107,"column":2},"end":{"line":109,"column":3}},"type":"if","locations":[{"start":{"line":107,"column":2},"end":{"line":109,"column":3}}]},"10":{"loc":{"start":{"line":129,"column":4},"end":{"line":131,"column":5}},"type":"if","locations":[{"start":{"line":129,"column":4},"end":{"line":131,"column":5}}]},"11":{"loc":{"start":{"line":154,"column":2},"end":{"line":156,"column":3}},"type":"if","locations":[{"start":{"line":154,"column":2},"end":{"line":156,"column":3}}]},"12":{"loc":{"start":{"line":167,"column":4},"end":{"line":169,"column":5}},"type":"if","locations":[{"start":{"line":167,"column":4},"end":{"line":169,"column":5}}]},"13":{"loc":{"start":{"line":172,"column":4},"end":{"line":231,"column":5}},"type":"if","locations":[{"start":{"line":172,"column":4},"end":{"line":231,"column":5}},{"start":{"line":208,"column":11},"end":{"line":231,"column":5}}]},"14":{"loc":{"start":{"line":173,"column":6},"end":{"line":175,"column":7}},"type":"if","locations":[{"start":{"line":173,"column":6},"end":{"line":175,"column":7}}]},"15":{"loc":{"start":{"line":173,"column":10},"end":{"line":173,"column":43}},"type":"binary-expr","locations":[{"start":{"line":173,"column":10},"end":{"line":173,"column":15}},{"start":{"line":173,"column":19},"end":{"line":173,"column":43}}]},"16":{"loc":{"start":{"line":208,"column":11},"end":{"line":231,"column":5}},"type":"if","locations":[{"start":{"line":208,"column":11},"end":{"line":231,"column":5}},{"start":{"line":229,"column":11},"end":{"line":231,"column":5}}]},"17":{"loc":{"start":{"line":209,"column":6},"end":{"line":211,"column":7}},"type":"if","locations":[{"start":{"line":209,"column":6},"end":{"line":211,"column":7}}]},"18":{"loc":{"start":{"line":253,"column":2},"end":{"line":255,"column":3}},"type":"if","locations":[{"start":{"line":253,"column":2},"end":{"line":255,"column":3}}]},"19":{"loc":{"start":{"line":260,"column":2},"end":{"line":262,"column":3}},"type":"if","locations":[{"start":{"line":260,"column":2},"end":{"line":262,"column":3}}]},"20":{"loc":{"start":{"line":260,"column":6},"end":{"line":260,"column":49}},"type":"binary-expr","locations":[{"start":{"line":260,"column":6},"end":{"line":260,"column":16}},{"start":{"line":260,"column":20},"end":{"line":260,"column":49}}]},"21":{"loc":{"start":{"line":270,"column":4},"end":{"line":272,"column":5}},"type":"if","locations":[{"start":{"line":270,"column":4},"end":{"line":272,"column":5}}]},"22":{"loc":{"start":{"line":278,"column":20},"end":{"line":278,"column":41}},"type":"binary-expr","locations":[{"start":{"line":278,"column":20},"end":{"line":278,"column":30}},{"start":{"line":278,"column":34},"end":{"line":278,"column":41}}]},"23":{"loc":{"start":{"line":340,"column":2},"end":{"line":342,"column":3}},"type":"if","locations":[{"start":{"line":340,"column":2},"end":{"line":342,"column":3}}]},"24":{"loc":{"start":{"line":347,"column":2},"end":{"line":349,"column":3}},"type":"if","locations":[{"start":{"line":347,"column":2},"end":{"line":349,"column":3}}]},"25":{"loc":{"start":{"line":347,"column":6},"end":{"line":347,"column":68}},"type":"binary-expr","locations":[{"start":{"line":347,"column":6},"end":{"line":347,"column":15}},{"start":{"line":347,"column":19},"end":{"line":347,"column":43}},{"start":{"line":347,"column":47},"end":{"line":347,"column":68}}]},"26":{"loc":{"start":{"line":355,"column":2},"end":{"line":359,"column":3}},"type":"if","locations":[{"start":{"line":355,"column":2},"end":{"line":359,"column":3}}]},"27":{"loc":{"start":{"line":374,"column":4},"end":{"line":376,"column":5}},"type":"if","locations":[{"start":{"line":374,"column":4},"end":{"line":376,"column":5}}]},"28":{"loc":{"start":{"line":378,"column":4},"end":{"line":380,"column":5}},"type":"if","locations":[{"start":{"line":378,"column":4},"end":{"line":380,"column":5}}]},"29":{"loc":{"start":{"line":378,"column":8},"end":{"line":378,"column":60}},"type":"binary-expr","locations":[{"start":{"line":378,"column":8},"end":{"line":378,"column":26}},{"start":{"line":378,"column":30},"end":{"line":378,"column":60}}]},"30":{"loc":{"start":{"line":422,"column":2},"end":{"line":424,"column":3}},"type":"if","locations":[{"start":{"line":422,"column":2},"end":{"line":424,"column":3}}]},"31":{"loc":{"start":{"line":434,"column":4},"end":{"line":436,"column":5}},"type":"if","locations":[{"start":{"line":434,"column":4},"end":{"line":436,"column":5}}]},"32":{"loc":{"start":{"line":456,"column":2},"end":{"line":458,"column":3}},"type":"if","locations":[{"start":{"line":456,"column":2},"end":{"line":458,"column":3}}]},"33":{"loc":{"start":{"line":476,"column":4},"end":{"line":478,"column":5}},"type":"if","locations":[{"start":{"line":476,"column":4},"end":{"line":478,"column":5}}]},"34":{"loc":{"start":{"line":496,"column":2},"end":{"line":498,"column":3}},"type":"if","locations":[{"start":{"line":496,"column":2},"end":{"line":498,"column":3}}]},"35":{"loc":{"start":{"line":503,"column":2},"end":{"line":505,"column":3}},"type":"if","locations":[{"start":{"line":503,"column":2},"end":{"line":505,"column":3}}]},"36":{"loc":{"start":{"line":503,"column":6},"end":{"line":503,"column":45}},"type":"binary-expr","locations":[{"start":{"line":503,"column":6},"end":{"line":503,"column":14}},{"start":{"line":503,"column":18},"end":{"line":503,"column":45}}]},"37":{"loc":{"start":{"line":518,"column":4},"end":{"line":520,"column":5}},"type":"if","locations":[{"start":{"line":518,"column":4},"end":{"line":520,"column":5}}]},"38":{"loc":{"start":{"line":518,"column":8},"end":{"line":518,"column":50}},"type":"binary-expr","locations":[{"start":{"line":518,"column":8},"end":{"line":518,"column":14}},{"start":{"line":518,"column":18},"end":{"line":518,"column":50}}]}},"s":{"0":2,"1":2,"2":2,"3":2,"4":2,"5":2,"6":2,"7":2,"8":2,"9":2,"10":2,"11":2,"12":2,"13":2,"14":9,"15":9,"16":1,"17":8,"18":8,"19":8,"20":8,"21":0,"22":8,"23":0,"24":4,"25":4,"26":1,"27":3,"28":3,"29":1,"30":2,"31":2,"32":1,"33":1,"34":1,"35":0,"36":0,"37":0,"38":0,"39":0,"40":0,"41":0,"42":0,"43":0,"44":0,"45":0,"46":0,"47":0,"48":0,"49":0,"50":0,"51":0,"52":0,"53":0,"54":0,"55":0,"56":0,"57":0,"58":0,"59":0,"60":0,"61":0,"62":0,"63":0,"64":0,"65":0,"66":0,"67":0,"68":0,"69":0,"70":0,"71":0,"72":0,"73":0,"74":0,"75":0,"76":0,"77":0,"78":0,"79":0,"80":0,"81":0,"82":0,"83":0,"84":0,"85":0,"86":0,"87":0,"88":0,"89":0,"90":0,"91":0,"92":0,"93":0,"94":0,"95":0,"96":5,"97":5,"98":0,"99":5,"100":5,"101":5,"102":1,"103":4,"104":7,"105":4,"106":1,"107":3,"108":3,"109":3,"110":1,"111":2,"112":1,"113":1,"114":1,"115":2,"116":1,"117":1,"118":2,"119":0,"120":0,"121":0,"122":0,"123":0,"124":0,"125":0,"126":0,"127":0,"128":0,"129":0,"130":0,"131":0,"132":0,"133":0,"134":0,"135":0,"136":0,"137":0,"138":0,"139":0,"140":0,"141":0,"142":0,"143":0,"144":0,"145":0,"146":0,"147":0,"148":0,"149":0,"150":0,"151":0,"152":0,"153":0,"154":0,"155":0,"156":0,"157":0,"158":0},"f":{"0":9,"1":4,"2":0,"3":0,"4":0,"5":0,"6":5,"7":7,"8":2,"9":2,"10":0,"11":0,"12":0},"b":{"0":[2,2],"1":[2,2],"2":[1],"3":[0],"4":[8,8],"5":[1],"6":[1],"7":[3,2],"8":[0],"9":[0],"10":[0],"11":[0],"12":[0],"13":[0,0],"14":[0],"15":[0,0],"16":[0,0],"17":[0],"18":[0],"19":[0],"20":[0,0],"21":[0],"22":[0,0],"23":[0],"24":[1],"25":[5,5,5],"26":[1],"27":[1],"28":[1],"29":[2,2],"30":[0],"31":[0],"32":[0],"33":[0],"34":[0],"35":[0],"36":[0,0],"37":[0],"38":[0,0]}}
,"/workspaces/creator-ai-hub-v2/backend/src/routes/me.ts": {"path":"/workspaces/creator-ai-hub-v2/backend/src/routes/me.ts","statementMap":{"0":{"start":{"line":11,"column":0},"end":{"line":11,"column":7}},"1":{"start":{"line":2,"column":0},"end":{"line":2,"column":52}},"2":{"start":{"line":3,"column":0},"end":{"line":3,"column":45}},"3":{"start":{"line":5,"column":15},"end":{"line":5,"column":33}},"4":{"start":{"line":7,"column":20},"end":{"line":7,"column":45}},"5":{"start":{"line":8,"column":27},"end":{"line":8,"column":65}},"6":{"start":{"line":9,"column":22},"end":{"line":9,"column":67}},"7":{"start":{"line":12,"column":2},"end":{"line":51,"column":3}},"8":{"start":{"line":14,"column":23},"end":{"line":14,"column":52}},"9":{"start":{"line":15,"column":4},"end":{"line":17,"column":5}},"10":{"start":{"line":16,"column":6},"end":{"line":16,"column":null}},"11":{"start":{"line":19,"column":18},"end":{"line":19,"column":41}},"12":{"start":{"line":22,"column":38},"end":{"line":22,"column":77}},"13":{"start":{"line":24,"column":4},"end":{"line":26,"column":5}},"14":{"start":{"line":25,"column":6},"end":{"line":25,"column":null}},"15":{"start":{"line":29,"column":19},"end":{"line":40,"column":6}},"16":{"start":{"line":43,"column":4},"end":{"line":47,"column":null}},"17":{"start":{"line":49,"column":4},"end":{"line":49,"column":null}},"18":{"start":{"line":50,"column":4},"end":{"line":50,"column":null}}},"fnMap":{"0":{"name":"getMeHandler","decl":{"start":{"line":11,"column":22},"end":{"line":11,"column":34}},"loc":{"start":{"line":11,"column":79},"end":{"line":52,"column":1}}}},"branchMap":{"0":{"loc":{"start":{"line":15,"column":4},"end":{"line":17,"column":5}},"type":"if","locations":[{"start":{"line":15,"column":4},"end":{"line":17,"column":5}}]},"1":{"loc":{"start":{"line":15,"column":8},"end":{"line":15,"column":56}},"type":"binary-expr","locations":[{"start":{"line":15,"column":8},"end":{"line":15,"column":19}},{"start":{"line":15,"column":23},"end":{"line":15,"column":56}}]},"2":{"loc":{"start":{"line":24,"column":4},"end":{"line":26,"column":5}},"type":"if","locations":[{"start":{"line":24,"column":4},"end":{"line":26,"column":5}}]},"3":{"loc":{"start":{"line":24,"column":8},"end":{"line":24,"column":22}},"type":"binary-expr","locations":[{"start":{"line":24,"column":8},"end":{"line":24,"column":13}},{"start":{"line":24,"column":17},"end":{"line":24,"column":22}}]},"4":{"loc":{"start":{"line":32,"column":14},"end":{"line":32,"column":67}},"type":"binary-expr","locations":[{"start":{"line":32,"column":14},"end":{"line":32,"column":38}},{"start":{"line":32,"column":42},"end":{"line":32,"column":67}}]},"5":{"loc":{"start":{"line":37,"column":14},"end":{"line":37,"column":67}},"type":"binary-expr","locations":[{"start":{"line":37,"column":14},"end":{"line":37,"column":38}},{"start":{"line":37,"column":42},"end":{"line":37,"column":67}}]}},"s":{"0":1,"1":1,"2":1,"3":1,"4":1,"5":1,"6":1,"7":4,"8":4,"9":4,"10":2,"11":2,"12":2,"13":2,"14":1,"15":1,"16":1,"17":0,"18":0},"f":{"0":4},"b":{"0":[2],"1":[4,3],"2":[1],"3":[2,1],"4":[1,1],"5":[1,1]}}
}
