TN:
SF:src/prompts/generate-assets.ts
FN:23,buildGenerateAssetPrompt
FN:32,(anonymous_1)
FN:33,(anonymous_2)
FNF:3
FNH:0
FNDA:0,buildGenerateAssetPrompt
FNDA:0,(anonymous_1)
FNDA:0,(anonymous_2)
DA:1,2
DA:23,2
DA:29,0
DA:32,0
DA:33,0
DA:36,2
LF:6
LH:3
BRF:0
BRH:0
end_of_record
TN:
SF:src/routes/campaigns.ts
FN:14,getUserFromToken
FN:33,createCampaignHandler
FN:69,listCampaignsHandler
FN:102,getCampaignHandler
FN:141,uploadCampaignSourceHandler
FN:239,registerCampaignSourceHandler
FN:332,generateAssetsHandler
FN:353,(anonymous_7)
FN:386,(anonymous_8)
FN:408,(anonymous_9)
FN:417,deleteCampaignHandler
FN:451,getJobStatusHandler
FN:488,updateAssetHandler
FNF:13
FNH:6
FNDA:9,getUserFromToken
FNDA:4,createCampaignHandler
FNDA:0,listCampaignsHandler
FNDA:0,getCampaignHandler
FNDA:0,uploadCampaignSourceHandler
FNDA:0,registerCampaignSourceHandler
FNDA:5,generateAssetsHandler
FNDA:7,(anonymous_7)
FNDA:2,(anonymous_8)
FNDA:2,(anonymous_9)
FNDA:0,deleteCampaignHandler
FNDA:0,getJobStatusHandler
FNDA:0,updateAssetHandler
DA:2,2
DA:3,2
DA:4,2
DA:6,2
DA:8,2
DA:15,9
DA:16,9
DA:17,1
DA:20,8
DA:21,8
DA:22,8
DA:23,8
DA:24,0
DA:26,8
DA:28,0
DA:33,2
DA:39,4
DA:40,4
DA:41,1
DA:44,3
DA:46,3
DA:47,1
DA:50,2
DA:51,2
DA:61,1
DA:63,1
DA:64,1
DA:69,2
DA:73,0
DA:74,0
DA:75,0
DA:78,0
DA:79,0
DA:94,0
DA:96,0
DA:97,0
DA:102,2
DA:106,0
DA:107,0
DA:108,0
DA:111,0
DA:113,0
DA:114,0
DA:129,0
DA:130,0
DA:133,0
DA:135,0
DA:136,0
DA:141,2
DA:153,0
DA:154,0
DA:155,0
DA:158,0
DA:159,0
DA:162,0
DA:163,0
DA:167,0
DA:168,0
DA:172,0
DA:173,0
DA:174,0
DA:177,0
DA:186,0
DA:198,0
DA:200,0
DA:208,0
DA:209,0
DA:210,0
DA:214,0
DA:228,0
DA:230,0
DA:233,0
DA:234,0
DA:239,2
DA:252,0
DA:253,0
DA:254,0
DA:257,0
DA:258,0
DA:260,0
DA:261,0
DA:264,0
DA:266,0
DA:270,0
DA:271,0
DA:275,0
DA:291,0
DA:312,0
DA:315,0
DA:320,0
DA:326,0
DA:327,0
DA:332,2
DA:339,5
DA:340,5
DA:341,0
DA:344,5
DA:345,5
DA:347,5
DA:348,1
DA:352,4
DA:353,7
DA:355,4
DA:356,1
DA:361,3
DA:363,3
DA:374,3
DA:375,1
DA:378,2
DA:379,1
DA:382,1
DA:385,1
DA:387,2
DA:404,1
DA:406,1
DA:408,2
DA:411,0
DA:412,0
DA:417,2
DA:421,0
DA:422,0
DA:423,0
DA:426,0
DA:428,0
DA:430,0
DA:434,0
DA:435,0
DA:439,0
DA:443,0
DA:445,0
DA:446,0
DA:451,2
DA:455,0
DA:456,0
DA:457,0
DA:460,0
DA:462,0
DA:463,0
DA:476,0
DA:477,0
DA:480,0
DA:482,0
DA:483,0
DA:488,2
DA:495,0
DA:496,0
DA:497,0
DA:500,0
DA:501,0
DA:503,0
DA:504,0
DA:507,0
DA:509,0
DA:518,0
DA:519,0
DA:523,0
DA:531,0
DA:533,0
DA:534,0
LF:159
LH:55
BRDA:9,0,0,2
BRDA:9,0,1,2
BRDA:10,1,0,2
BRDA:10,1,1,2
BRDA:16,2,0,1
BRDA:23,3,0,0
BRDA:23,4,0,8
BRDA:23,4,1,8
BRDA:40,5,0,1
BRDA:46,6,0,1
BRDA:46,7,0,3
BRDA:46,7,1,2
BRDA:74,8,0,0
BRDA:107,9,0,0
BRDA:129,10,0,0
BRDA:154,11,0,0
BRDA:167,12,0,0
BRDA:172,13,0,0
BRDA:172,13,1,0
BRDA:173,14,0,0
BRDA:173,15,0,0
BRDA:173,15,1,0
BRDA:208,16,0,0
BRDA:208,16,1,0
BRDA:209,17,0,0
BRDA:253,18,0,0
BRDA:260,19,0,0
BRDA:260,20,0,0
BRDA:260,20,1,0
BRDA:270,21,0,0
BRDA:278,22,0,0
BRDA:278,22,1,0
BRDA:340,23,0,0
BRDA:347,24,0,1
BRDA:347,25,0,5
BRDA:347,25,1,5
BRDA:347,25,2,5
BRDA:355,26,0,1
BRDA:374,27,0,1
BRDA:378,28,0,1
BRDA:378,29,0,2
BRDA:378,29,1,2
BRDA:422,30,0,0
BRDA:434,31,0,0
BRDA:456,32,0,0
BRDA:476,33,0,0
BRDA:496,34,0,0
BRDA:503,35,0,0
BRDA:503,36,0,0
BRDA:503,36,1,0
BRDA:518,37,0,0
BRDA:518,38,0,0
BRDA:518,38,1,0
BRF:53
BRH:20
end_of_record
TN:
SF:src/routes/me.ts
FN:11,getMeHandler
FNF:1
FNH:1
FNDA:4,getMeHandler
DA:2,1
DA:3,1
DA:5,1
DA:7,1
DA:8,1
DA:9,1
DA:11,1
DA:12,4
DA:14,4
DA:15,4
DA:16,2
DA:19,2
DA:22,2
DA:24,2
DA:25,1
DA:29,1
DA:43,1
DA:49,0
DA:50,0
LF:19
LH:17
BRDA:15,0,0,2
BRDA:15,1,0,4
BRDA:15,1,1,3
BRDA:24,2,0,1
BRDA:24,3,0,2
BRDA:24,3,1,1
BRDA:32,4,0,1
BRDA:32,4,1,1
BRDA:37,5,0,1
BRDA:37,5,1,1
BRF:10
BRH:10
end_of_record
