TN:
SF:src/routes/campaigns.ts
FN:13,getUserFromToken
FN:32,createCampaignHandler
FN:68,listCampaignsHandler
FN:101,getCampaignHandler
FN:140,uploadCampaignSourceHandler
FN:238,generateAssetsHandler
FN:282,(anonymous_6)
FN:304,(anonymous_7)
FN:313,updateAssetHandler
FNF:9
FNH:5
FNDA:8,getUserFromToken
FNDA:4,createCampaignHandler
FNDA:0,listCampaignsHandler
FNDA:0,getCampaignHandler
FNDA:0,uploadCampaignSourceHandler
FNDA:4,generateAssetsHandler
FNDA:2,(anonymous_6)
FNDA:2,(anonymous_7)
FNDA:0,updateAssetHandler
DA:2,2
DA:3,2
DA:5,2
DA:7,2
DA:14,8
DA:15,8
DA:16,1
DA:19,7
DA:20,7
DA:21,7
DA:22,7
DA:23,0
DA:25,7
DA:27,0
DA:32,2
DA:38,4
DA:39,4
DA:40,1
DA:43,3
DA:45,3
DA:46,1
DA:49,2
DA:50,2
DA:60,1
DA:62,1
DA:63,1
DA:68,2
DA:72,0
DA:73,0
DA:74,0
DA:77,0
DA:78,0
DA:93,0
DA:95,0
DA:96,0
DA:101,2
DA:105,0
DA:106,0
DA:107,0
DA:110,0
DA:112,0
DA:113,0
DA:128,0
DA:129,0
DA:132,0
DA:134,0
DA:135,0
DA:140,2
DA:152,0
DA:153,0
DA:154,0
DA:157,0
DA:158,0
DA:161,0
DA:162,0
DA:166,0
DA:167,0
DA:171,0
DA:172,0
DA:173,0
DA:176,0
DA:185,0
DA:197,0
DA:199,0
DA:207,0
DA:208,0
DA:209,0
DA:213,0
DA:227,0
DA:229,0
DA:232,0
DA:233,0
DA:238,2
DA:245,4
DA:246,4
DA:247,0
DA:250,4
DA:251,4
DA:253,4
DA:254,1
DA:257,3
DA:259,3
DA:270,3
DA:271,1
DA:274,2
DA:275,1
DA:278,1
DA:281,1
DA:283,2
DA:300,1
DA:302,1
DA:304,2
DA:307,0
DA:308,0
DA:313,2
DA:320,0
DA:321,0
DA:322,0
DA:325,0
DA:326,0
DA:328,0
DA:329,0
DA:332,0
DA:334,0
DA:343,0
DA:344,0
DA:348,0
DA:356,0
DA:358,0
DA:359,0
LF:110
LH:47
BRDA:8,0,0,2
BRDA:8,0,1,2
BRDA:9,1,0,2
BRDA:9,1,1,2
BRDA:15,2,0,1
BRDA:22,3,0,0
BRDA:22,4,0,7
BRDA:22,4,1,7
BRDA:39,5,0,1
BRDA:45,6,0,1
BRDA:45,7,0,3
BRDA:45,7,1,2
BRDA:73,8,0,0
BRDA:106,9,0,0
BRDA:128,10,0,0
BRDA:153,11,0,0
BRDA:166,12,0,0
BRDA:171,13,0,0
BRDA:171,13,1,0
BRDA:172,14,0,0
BRDA:172,15,0,0
BRDA:172,15,1,0
BRDA:207,16,0,0
BRDA:207,16,1,0
BRDA:208,17,0,0
BRDA:246,18,0,0
BRDA:253,19,0,1
BRDA:253,20,0,4
BRDA:253,20,1,4
BRDA:253,20,2,4
BRDA:270,21,0,1
BRDA:274,22,0,1
BRDA:274,23,0,2
BRDA:274,23,1,2
BRDA:321,24,0,0
BRDA:328,25,0,0
BRDA:328,26,0,0
BRDA:328,26,1,0
BRDA:343,27,0,0
BRDA:343,28,0,0
BRDA:343,28,1,0
BRF:41
BRH:19
end_of_record
TN:
SF:src/routes/me.ts
FN:11,getMeHandler
FNF:1
FNH:1
FNDA:4,getMeHandler
DA:2,1
DA:3,1
DA:5,1
DA:7,1
DA:8,1
DA:9,1
DA:11,1
DA:12,4
DA:14,4
DA:15,4
DA:16,2
DA:19,2
DA:22,2
DA:24,2
DA:25,1
DA:29,1
DA:43,1
DA:49,0
DA:50,0
LF:19
LH:17
BRDA:15,0,0,2
BRDA:15,1,0,4
BRDA:15,1,1,3
BRDA:24,2,0,1
BRDA:24,3,0,2
BRDA:24,3,1,1
BRDA:32,4,0,1
BRDA:32,4,1,1
BRDA:37,5,0,1
BRDA:37,5,1,1
BRF:10
BRH:10
end_of_record
